# JRE version: Java(TM) SE Runtime Environment (8.0_73-b02) (build 1.8.0_73-b02)
# Java VM: Java HotSpot(TM) 64-Bit Server VM (25.73-b02 mixed mode windows-amd64 compressed oops)
Heap:
 PSYoungGen      total 436736K, used 58523K [0x00000000d5980000, 0x00000000fed00000, 0x0000000100000000)
  eden space 205312K, 24% used [0x00000000d5980000,0x00000000d89beeb0,0x00000000e2200000)
  from space 231424K, 3% used [0x00000000f0400000,0x00000000f0ce8110,0x00000000fe600000)
  to   space 231424K, 0% used [0x00000000e2200000,0x00000000e2200000,0x00000000f0400000)
 ParOldGen       total 769024K, used 455649K [0x0000000080c00000, 0x00000000afb00000, 0x00000000d5980000)
  object space 769024K, 59% used [0x0000000080c00000,0x000000009c8f8428,0x00000000afb00000)
 Metaspace       used 3101K, capacity 4664K, committed 4864K, reserved 1056768K
  class space    used 323K, capacity 424K, committed 512K, reserved 1048576K
GC Heap History (10 events):
Event: 2.518 GC heap before
{Heap before GC invocations=10 (full 3):
 PSYoungGen      total 257024K, used 109024K [0x00000000d5980000, 0x00000000f6000000, 0x0000000100000000)
  eden space 147968K, 0% used [0x00000000d5980000,0x00000000d5980000,0x00000000dea00000)
  from space 109056K, 99% used [0x00000000dea00000,0x00000000e5478010,0x00000000e5480000)
  to   space 169984K, 0% used [0x00000000eba00000,0x00000000eba00000,0x00000000f6000000)
 ParOldGen       total 279040K, used 214286K [0x0000000080c00000, 0x0000000091c80000, 0x00000000d5980000)
  object space 279040K, 76% used [0x0000000080c00000,0x000000008dd438f0,0x0000000091c80000)
 Metaspace       used 3061K, capacity 4600K, committed 4864K, reserved 1056768K
  class space    used 322K, capacity 424K, committed 512K, reserved 1048576K
Event: 4.302 GC heap after
Heap after GC invocations=10 (full 3):
 PSYoungGen      total 257024K, used 0K [0x00000000d5980000, 0x00000000f6000000, 0x0000000100000000)
  eden space 147968K, 0% used [0x00000000d5980000,0x00000000d5980000,0x00000000dea00000)
  from space 109056K, 0% used [0x00000000dea00000,0x00000000dea00000,0x00000000e5480000)
  to   space 169984K, 0% used [0x00000000eba00000,0x00000000eba00000,0x00000000f6000000)
 ParOldGen       total 455680K, used 228613K [0x0000000080c00000, 0x000000009c900000, 0x00000000d5980000)
  object space 455680K, 50% used [0x0000000080c00000,0x000000008eb41670,0x000000009c900000)
 Metaspace       used 3061K, capacity 4600K, committed 4864K, reserved 1056768K
  class space    used 322K, capacity 424K, committed 512K, reserved 1048576K
}
Event: 4.515 GC heap before
{Heap before GC invocations=11 (full 3):
 PSYoungGen      total 257024K, used 147968K [0x00000000d5980000, 0x00000000f6000000, 0x0000000100000000)
  eden space 147968K, 100% used [0x00000000d5980000,0x00000000dea00000,0x00000000dea00000)
  from space 109056K, 0% used [0x00000000dea00000,0x00000000dea00000,0x00000000e5480000)
  to   space 169984K, 0% used [0x00000000eba00000,0x00000000eba00000,0x00000000f6000000)
 ParOldGen       total 455680K, used 228613K [0x0000000080c00000, 0x000000009c900000, 0x00000000d5980000)
  object space 455680K, 50% used [0x0000000080c00000,0x000000008eb41670,0x000000009c900000)
 Metaspace       used 3061K, capacity 4600K, committed 4864K, reserved 1056768K
  class space    used 322K, capacity 424K, committed 512K, reserved 1048576K
Event: 4.608 GC heap after
Heap after GC invocations=11 (full 3):
 PSYoungGen      total 345088K, used 128900K [0x00000000d5980000, 0x00000000f7200000, 0x0000000100000000)
  eden space 175104K, 0% used [0x00000000d5980000,0x00000000d5980000,0x00000000e0480000)
  from space 169984K, 75% used [0x00000000eba00000,0x00000000f37e12f0,0x00000000f6000000)
  to   space 185856K, 0% used [0x00000000e0480000,0x00000000e0480000,0x00000000eba00000)
 ParOldGen       total 455680K, used 228613K [0x0000000080c00000, 0x000000009c900000, 0x00000000d5980000)
  object space 455680K, 50% used [0x0000000080c00000,0x000000008eb41670,0x000000009c900000)
 Metaspace       used 3061K, capacity 4600K, committed 4864K, reserved 1056768K
  class space    used 322K, capacity 424K, committed 512K, reserved 1048576K
}
Event: 4.837 GC heap before
{Heap before GC invocations=12 (full 3):
 PSYoungGen      total 345088K, used 304004K [0x00000000d5980000, 0x00000000f7200000, 0x0000000100000000)
  eden space 175104K, 100% used [0x00000000d5980000,0x00000000e0480000,0x00000000e0480000)
  from space 169984K, 75% used [0x00000000eba00000,0x00000000f37e12f0,0x00000000f6000000)
  to   space 185856K, 0% used [0x00000000e0480000,0x00000000e0480000,0x00000000eba00000)
 ParOldGen       total 455680K, used 228613K [0x0000000080c00000, 0x000000009c900000, 0x00000000d5980000)
  object space 455680K, 50% used [0x0000000080c00000,0x000000008eb41670,0x000000009c900000)
 Metaspace       used 3061K, capacity 4600K, committed 4864K, reserved 1056768K
  class space    used 322K, capacity 424K, committed 512K, reserved 1048576K
Event: 5.009 GC heap after
Heap after GC invocations=12 (full 3):
 PSYoungGen      total 360960K, used 185856K [0x00000000d5980000, 0x00000000fe600000, 0x0000000100000000)
  eden space 175104K, 0% used [0x00000000d5980000,0x00000000d5980000,0x00000000e0480000)
  from space 185856K, 100% used [0x00000000e0480000,0x00000000eba00000,0x00000000eba00000)
  to   space 231424K, 0% used [0x00000000f0400000,0x00000000f0400000,0x00000000fe600000)
 ParOldGen       total 455680K, used 302724K [0x0000000080c00000, 0x000000009c900000, 0x00000000d5980000)
  object space 455680K, 66% used [0x0000000080c00000,0x00000000933a12d0,0x000000009c900000)
 Metaspace       used 3061K, capacity 4600K, committed 4864K, reserved 1056768K
  class space    used 322K, capacity 424K, committed 512K, reserved 1048576K
}
Event: 5.288 GC heap before
{Heap before GC invocations=13 (full 3):
 PSYoungGen      total 360960K, used 360960K [0x00000000d5980000, 0x00000000fe600000, 0x0000000100000000)
  eden space 175104K, 100% used [0x00000000d5980000,0x00000000e0480000,0x00000000e0480000)
  from space 185856K, 100% used [0x00000000e0480000,0x00000000eba00000,0x00000000eba00000)
  to   space 231424K, 0% used [0x00000000f0400000,0x00000000f0400000,0x00000000fe600000)
 ParOldGen       total 455680K, used 302724K [0x0000000080c00000, 0x000000009c900000, 0x00000000d5980000)
  object space 455680K, 66% used [0x0000000080c00000,0x00000000933a12d0,0x000000009c900000)
 Metaspace       used 3061K, capacity 4600K, committed 4864K, reserved 1056768K
  class space    used 322K, capacity 424K, committed 512K, reserved 1048576K
Event: 5.555 GC heap after
Heap after GC invocations=13 (full 3):
 PSYoungGen      total 436736K, used 231424K [0x00000000d5980000, 0x00000000fed00000, 0x0000000100000000)
  eden space 205312K, 0% used [0x00000000d5980000,0x00000000d5980000,0x00000000e2200000)
  from space 231424K, 100% used [0x00000000f0400000,0x00000000fe600000,0x00000000fe600000)
  to   space 231424K, 0% used [0x00000000e2200000,0x00000000e2200000,0x00000000f0400000)
 ParOldGen       total 455680K, used 407332K [0x0000000080c00000, 0x000000009c900000, 0x00000000d5980000)
  object space 455680K, 89% used [0x0000000080c00000,0x00000000999c92d0,0x000000009c900000)
 Metaspace       used 3061K, capacity 4600K, committed 4864K, reserved 1056768K
  class space    used 322K, capacity 424K, committed 512K, reserved 1048576K
}
Event: 5.555 GC heap before
{Heap before GC invocations=14 (full 4):
 PSYoungGen      total 436736K, used 231424K [0x00000000d5980000, 0x00000000fed00000, 0x0000000100000000)
  eden space 205312K, 0% used [0x00000000d5980000,0x00000000d5980000,0x00000000e2200000)
  from space 231424K, 100% used [0x00000000f0400000,0x00000000fe600000,0x00000000fe600000)
  to   space 231424K, 0% used [0x00000000e2200000,0x00000000e2200000,0x00000000f0400000)
 ParOldGen       total 455680K, used 407332K [0x0000000080c00000, 0x000000009c900000, 0x00000000d5980000)
  object space 455680K, 89% used [0x0000000080c00000,0x00000000999c92d0,0x000000009c900000)
 Metaspace       used 3061K, capacity 4600K, committed 4864K, reserved 1056768K
  class space    used 322K, capacity 424K, committed 512K, reserved 1048576K
Event: 7.536 GC heap after
Heap after GC invocations=14 (full 4):
 PSYoungGen      total 436736K, used 9120K [0x00000000d5980000, 0x00000000fed00000, 0x0000000100000000)
  eden space 205312K, 0% used [0x00000000d5980000,0x00000000d5980000,0x00000000e2200000)
  from space 231424K, 3% used [0x00000000f0400000,0x00000000f0ce8110,0x00000000fe600000)
  to   space 231424K, 0% used [0x00000000e2200000,0x00000000e2200000,0x00000000f0400000)
 ParOldGen       total 769024K, used 455649K [0x0000000080c00000, 0x00000000afb00000, 0x00000000d5980000)
  object space 769024K, 59% used [0x0000000080c00000,0x000000009c8f8428,0x00000000afb00000)
 Metaspace       used 3061K, capacity 4600K, committed 4864K, reserved 1056768K
  class space    used 322K, capacity 424K, committed 512K, reserved 1048576K
}

